2025-02-24T10:42:26.918+05:30  INFO 9416 --- [Cloud File Sharing] [main] c.c.f.CloudFileSharingApplicationTests   : Starting CloudFileSharingApplicationTests using Java 23.0.2 with PID 9416 (started by HARSH in C:\Projects\cloud-file-sharing\cloud-file-sharing)
2025-02-24T10:42:26.920+05:30  INFO 9416 --- [Cloud File Sharing] [main] c.c.f.CloudFileSharingApplicationTests   : No active profile set, falling back to 1 default profile: "default"
2025-02-24T10:42:27.518+05:30  INFO 9416 --- [Cloud File Sharing] [main] .s.d.r.c.RepositoryConfigurationDelegate : Bootstrapping Spring Data JPA repositories in DEFAULT mode.
2025-02-24T10:42:27.544+05:30  INFO 9416 --- [Cloud File Sharing] [main] .s.d.r.c.RepositoryConfigurationDelegate : Finished Spring Data repository scanning in 13 ms. Found 0 JPA repository interfaces.
2025-02-24T10:42:27.985+05:30  INFO 9416 --- [Cloud File Sharing] [main] o.hibernate.jpa.internal.util.LogHelper  : HHH000204: Processing PersistenceUnitInfo [name: default]
2025-02-24T10:42:28.042+05:30  INFO 9416 --- [Cloud File Sharing] [main] org.hibernate.Version                    : HHH000412: Hibernate ORM core version 6.6.8.Final
2025-02-24T10:42:28.073+05:30  INFO 9416 --- [Cloud File Sharing] [main] o.h.c.internal.RegionFactoryInitiator    : HHH000026: Second-level cache disabled
2025-02-24T10:42:28.381+05:30  INFO 9416 --- [Cloud File Sharing] [main] o.s.o.j.p.SpringPersistenceUnitInfo      : No LoadTimeWeaver setup: ignoring JPA class transformer
2025-02-24T10:42:28.415+05:30  INFO 9416 --- [Cloud File Sharing] [main] com.zaxxer.hikari.HikariDataSource       : HikariPool-1 - Starting...
2025-02-24T10:42:28.575+05:30  INFO 9416 --- [Cloud File Sharing] [main] com.zaxxer.hikari.pool.HikariPool        : HikariPool-1 - Added connection conn0: url=jdbc:h2:mem:filesharing user=SA
2025-02-24T10:42:28.578+05:30  INFO 9416 --- [Cloud File Sharing] [main] com.zaxxer.hikari.HikariDataSource       : HikariPool-1 - Start completed.
2025-02-24T10:42:28.598+05:30  WARN 9416 --- [Cloud File Sharing] [main] org.hibernate.orm.deprecation            : HHH90000025: H2Dialect does not need to be specified explicitly using 'hibernate.dialect' (remove the property setting and it will be selected by default)
2025-02-24T10:42:28.619+05:30  INFO 9416 --- [Cloud File Sharing] [main] org.hibernate.orm.connections.pooling    : HHH10001005: Database info:
	Database JDBC URL [Connecting through datasource 'HikariDataSource (HikariPool-1)']
	Database driver: undefined/unknown
	Database version: 2.3.232
	Autocommit mode: undefined/unknown
	Isolation level: undefined/unknown
	Minimum pool size: undefined/unknown
	Maximum pool size: undefined/unknown
2025-02-24T10:42:28.886+05:30  INFO 9416 --- [Cloud File Sharing] [main] o.h.e.t.j.p.i.JtaPlatformInitiator       : HHH000489: No JTA platform available (set 'hibernate.transaction.jta.platform' to enable JTA platform integration)
2025-02-24T10:42:28.890+05:30  INFO 9416 --- [Cloud File Sharing] [main] j.LocalContainerEntityManagerFactoryBean : Initialized JPA EntityManagerFactory for persistence unit 'default'
2025-02-24T10:42:29.056+05:30  WARN 9416 --- [Cloud File Sharing] [main] JpaBaseConfiguration$JpaWebConfiguration : spring.jpa.open-in-view is enabled by default. Therefore, database queries may be performed during view rendering. Explicitly configure spring.jpa.open-in-view to disable this warning
2025-02-24T10:42:29.491+05:30  WARN 9416 --- [Cloud File Sharing] [main] .s.s.UserDetailsServiceAutoConfiguration : 

Using generated security password: fd36003c-0099-4f54-b405-5c0841f34036

This generated password is for development use only. Your security configuration must be updated before running your application in production.

2025-02-24T10:42:29.516+05:30  INFO 9416 --- [Cloud File Sharing] [main] r$InitializeUserDetailsManagerConfigurer : Global AuthenticationManager configured with UserDetailsService bean with name inMemoryUserDetailsManager
2025-02-24T10:42:29.710+05:30  INFO 9416 --- [Cloud File Sharing] [main] c.c.f.CloudFileSharingApplicationTests   : Started CloudFileSharingApplicationTests in 3.098 seconds (process running for 3.983)
2025-02-24T10:42:30.258+05:30  INFO 9416 --- [Cloud File Sharing] [SpringApplicationShutdownHook] j.LocalContainerEntityManagerFactoryBean : Closing JPA EntityManagerFactory for persistence unit 'default'
2025-02-24T10:42:30.260+05:30  INFO 9416 --- [Cloud File Sharing] [SpringApplicationShutdownHook] com.zaxxer.hikari.HikariDataSource       : HikariPool-1 - Shutdown initiated...
2025-02-24T10:42:30.264+05:30  INFO 9416 --- [Cloud File Sharing] [SpringApplicationShutdownHook] com.zaxxer.hikari.HikariDataSource       : HikariPool-1 - Shutdown completed.
